<?xml version="1.0" encoding="UTF-8"?>
<!-- Generated by org.testng.reporters.JUnitReportReporter -->
<testsuite hostname="DESKTOP-TFL924P" failures="0" tests="1" name="com.actitime.testscript.CustomerModule" time="0.024" errors="0" timestamp="2023-06-16T11:37:55 IST" skipped="0">
  <testcase classname="com.actitime.testscript.CustomerModule" name="createCustomer" time="0.024"/>
  <system-out>
create customer  </system-out>
</testsuite> <!-- com.actitime.testscript.CustomerModule -->
